0 info it worked if it ends with ok
1 verbose cli [ 'C:\\Develop\\nodejs\\node.exe',
1 verbose cli   'C:\\Develop\\nodejs\\node_modules\\npm\\bin\\npm-cli.js',
1 verbose cli   'start' ]
2 info using npm@3.10.8
3 info using node@v6.9.1
4 verbose run-script [ 'prestart', 'start', 'poststart' ]
5 info lifecycle angular-boilerplate@1.0.0~prestart: angular-boilerplate@1.0.0
6 verbose lifecycle angular-boilerplate@1.0.0~prestart: unsafe-perm in lifecycle true
7 verbose lifecycle angular-boilerplate@1.0.0~prestart: PATH: C:\Develop\nvm\v6.9.1\node_modules\npm\bin\node-gyp-bin;C:\Users\Administrator\Desktop\面试要用的项目\moviecat\node_modules\.bin;C:\ProgramData\Oracle\Java\javapath;C:\Windows\system32;C:\Windows;C:\Windows\System32\Wbem;C:\Windows\System32\WindowsPowerShell\v1.0\;C:\Program Files (x86)\Windows7Master;C:\WINDOWS\system32;C:\WINDOWS;C:\WINDOWS\System32\Wbem;C:\WINDOWS\System32\WindowsPowerShell\v1.0\;C:\Develop\python\Scripts\;C:\Develop\python\;C:\Develop\nvm;C:\Develop\nodejs;C:\Develop\nvm\npm;C:\Develop\git\bin;C:\Develop\java\jdk1.8.0_112\bin;C:\Develop\android\tools;C:\Develop\android\platform-tools;C:\Develop\python;C:\Develop\ant\apache-ant-1.9.7\bin;
8 verbose lifecycle angular-boilerplate@1.0.0~prestart: CWD: C:\Users\Administrator\Desktop\面试要用的项目\moviecat
9 silly lifecycle angular-boilerplate@1.0.0~prestart: Args: [ '/d /s /c', 'npm install' ]
10 silly lifecycle angular-boilerplate@1.0.0~prestart: Returned: code: 3221225786  signal: null
11 info lifecycle angular-boilerplate@1.0.0~prestart: Failed to exec prestart script
12 verbose stack Error: angular-boilerplate@1.0.0 prestart: `npm install`
12 verbose stack Exit status 3221225786
12 verbose stack     at EventEmitter.<anonymous> (C:\Develop\nvm\v6.9.1\node_modules\npm\lib\utils\lifecycle.js:255:16)
12 verbose stack     at emitTwo (events.js:106:13)
12 verbose stack     at EventEmitter.emit (events.js:191:7)
12 verbose stack     at ChildProcess.<anonymous> (C:\Develop\nvm\v6.9.1\node_modules\npm\lib\utils\spawn.js:40:14)
12 verbose stack     at emitTwo (events.js:106:13)
12 verbose stack     at ChildProcess.emit (events.js:191:7)
12 verbose stack     at maybeClose (internal/child_process.js:877:16)
12 verbose stack     at Process.ChildProcess._handle.onexit (internal/child_process.js:226:5)
13 verbose pkgid angular-boilerplate@1.0.0
14 verbose cwd C:\Users\Administrator\Desktop\面试要用的项目\moviecat
15 error Windows_NT 10.0.10586
16 error argv "C:\\Develop\\nodejs\\node.exe" "C:\\Develop\\nodejs\\node_modules\\npm\\bin\\npm-cli.js" "start"
17 error node v6.9.1
18 error npm  v3.10.8
19 error code ELIFECYCLE
20 error angular-boilerplate@1.0.0 prestart: `npm install`
20 error Exit status 3221225786
21 error Failed at the angular-boilerplate@1.0.0 prestart script 'npm install'.
21 error Make sure you have the latest version of node.js and npm installed.
21 error If you do, this is most likely a problem with the angular-boilerplate package,
21 error not with npm itself.
21 error Tell the author that this fails on your system:
21 error     npm install
21 error You can get information on how to open an issue for this project with:
21 error     npm bugs angular-boilerplate
21 error Or if that isn't available, you can get their info via:
21 error     npm owner ls angular-boilerplate
21 error There is likely additional logging output above.
22 verbose exit [ 1, true ]
